<?xml version="1.0" encoding="UTF-8"?>
<testng-results ignored="0" total="1" passed="1" failed="0" skipped="0">
  <reporter-output>
  </reporter-output>
  <suite started-at="2020-03-16T16:21:03 PKT" name="Default suite" finished-at="2020-03-16T16:21:11 PKT" duration-ms="8513">
    <groups>
    </groups>
    <test started-at="2020-03-16T16:21:03 PKT" name="Default test" finished-at="2020-03-16T16:21:11 PKT" duration-ms="8513">
      <class name="Tests.MainPageTests">
        <test-method is-config="true" signature="beforeSuite()[pri:0, instance:Tests.MainPageTests@290d210d]" started-at="2020-03-16T16:20:57 PKT" name="beforeSuite" finished-at="2020-03-16T16:21:03 PKT" duration-ms="5366" status="PASS">
          <reporter-output>
          </reporter-output>
        </test-method> <!-- beforeSuite -->
        <test-method signature="f()[pri:0, instance:Tests.MainPageTests@290d210d]" started-at="2020-03-16T16:21:03 PKT" name="f" finished-at="2020-03-16T16:21:11 PKT" duration-ms="8474" status="PASS">
          <reporter-output>
          </reporter-output>
        </test-method> <!-- f -->
        <test-method is-config="true" signature="afterSuite()[pri:0, instance:Tests.MainPageTests@290d210d]" started-at="2020-03-16T16:21:11 PKT" name="afterSuite" finished-at="2020-03-16T16:21:15 PKT" duration-ms="4075" status="PASS">
          <reporter-output>
          </reporter-output>
        </test-method> <!-- afterSuite -->
      </class> <!-- Tests.MainPageTests -->
    </test> <!-- Default test -->
  </suite> <!-- Default suite -->
</testng-results>
