<?xml version="1.0" encoding="UTF-8"?>
<testng-results ignored="0" total="1" passed="1" failed="0" skipped="0">
  <reporter-output>
  </reporter-output>
  <suite started-at="2020-03-20T18:10:46 PKT" name="Default suite" finished-at="2020-03-20T18:12:49 PKT" duration-ms="122799">
    <groups>
    </groups>
    <test started-at="2020-03-20T18:10:46 PKT" name="Default test" finished-at="2020-03-20T18:12:49 PKT" duration-ms="122799">
      <class name="Tests.MainPageTests">
        <test-method is-config="true" signature="beforeSuite()[pri:0, instance:Tests.MainPageTests@16e7dcfd]" started-at="2020-03-20T18:10:40 PKT" name="beforeSuite" finished-at="2020-03-20T18:10:46 PKT" duration-ms="6025" status="PASS">
          <reporter-output>
          </reporter-output>
        </test-method> <!-- beforeSuite -->
        <test-method is-config="true" signature="initialize()[pri:0, instance:Tests.MainPageTests@16e7dcfd]" started-at="2020-03-20T18:10:46 PKT" name="initialize" finished-at="2020-03-20T18:10:46 PKT" duration-ms="2" status="PASS">
          <reporter-output>
          </reporter-output>
        </test-method> <!-- initialize -->
        <test-method signature="verifyMainPage()[pri:1, instance:Tests.MainPageTests@16e7dcfd]" started-at="2020-03-20T18:10:46 PKT" name="verifyMainPage" finished-at="2020-03-20T18:12:49 PKT" duration-ms="122746" status="PASS">
          <reporter-output>
          </reporter-output>
        </test-method> <!-- verifyMainPage -->
        <test-method is-config="true" signature="afterSuite()[pri:0, instance:Tests.MainPageTests@16e7dcfd]" started-at="2020-03-20T18:12:49 PKT" name="afterSuite" finished-at="2020-03-20T18:12:50 PKT" duration-ms="1216" status="PASS">
          <reporter-output>
          </reporter-output>
        </test-method> <!-- afterSuite -->
      </class> <!-- Tests.MainPageTests -->
    </test> <!-- Default test -->
  </suite> <!-- Default suite -->
</testng-results>
